<?xml version="1.0" encoding="UTF-8"?>
<testsuite xmlns:xsi="http://www.w3.org/2001/XMLSchema-instance" xsi:noNamespaceSchemaLocation="https://maven.apache.org/surefire/maven-surefire-plugin/xsd/surefire-test-report.xsd" name="com.xinjie.usercenter.service.UserServiceTest" time="3.72" tests="2" errors="1" skipped="0" failures="0">
  <properties>
    <property name="java.specification.version" value="17"/>
    <property name="sun.cpu.isalist" value="amd64"/>
    <property name="sun.jnu.encoding" value="GBK"/>
    <property name="java.class.path" value="D:\code\register\target\test-classes;D:\code\register\target\classes;D:\dev\apache-maven-3.8.5\repository\org\springframework\boot\spring-boot-starter-web\2.6.7\spring-boot-starter-web-2.6.7.jar;D:\dev\apache-maven-3.8.5\repository\org\springframework\boot\spring-boot-starter\2.6.7\spring-boot-starter-2.6.7.jar;D:\dev\apache-maven-3.8.5\repository\org\springframework\boot\spring-boot-starter-logging\2.6.7\spring-boot-starter-logging-2.6.7.jar;D:\dev\apache-maven-3.8.5\repository\ch\qos\logback\logback-classic\1.2.11\logback-classic-1.2.11.jar;D:\dev\apache-maven-3.8.5\repository\ch\qos\logback\logback-core\1.2.11\logback-core-1.2.11.jar;D:\dev\apache-maven-3.8.5\repository\org\apache\logging\log4j\log4j-to-slf4j\2.17.2\log4j-to-slf4j-2.17.2.jar;D:\dev\apache-maven-3.8.5\repository\org\apache\logging\log4j\log4j-api\2.17.2\log4j-api-2.17.2.jar;D:\dev\apache-maven-3.8.5\repository\org\slf4j\jul-to-slf4j\1.7.36\jul-to-slf4j-1.7.36.jar;D:\dev\apache-maven-3.8.5\repository\jakarta\annotation\jakarta.annotation-api\1.3.5\jakarta.annotation-api-1.3.5.jar;D:\dev\apache-maven-3.8.5\repository\org\yaml\snakeyaml\1.29\snakeyaml-1.29.jar;D:\dev\apache-maven-3.8.5\repository\org\springframework\boot\spring-boot-starter-json\2.6.7\spring-boot-starter-json-2.6.7.jar;D:\dev\apache-maven-3.8.5\repository\com\fasterxml\jackson\core\jackson-databind\2.13.2.1\jackson-databind-2.13.2.1.jar;D:\dev\apache-maven-3.8.5\repository\com\fasterxml\jackson\core\jackson-annotations\2.13.2\jackson-annotations-2.13.2.jar;D:\dev\apache-maven-3.8.5\repository\com\fasterxml\jackson\core\jackson-core\2.13.2\jackson-core-2.13.2.jar;D:\dev\apache-maven-3.8.5\repository\com\fasterxml\jackson\datatype\jackson-datatype-jdk8\2.13.2\jackson-datatype-jdk8-2.13.2.jar;D:\dev\apache-maven-3.8.5\repository\com\fasterxml\jackson\datatype\jackson-datatype-jsr310\2.13.2\jackson-datatype-jsr310-2.13.2.jar;D:\dev\apache-maven-3.8.5\repository\com\fasterxml\jackson\module\jackson-module-parameter-names\2.13.2\jackson-module-parameter-names-2.13.2.jar;D:\dev\apache-maven-3.8.5\repository\org\springframework\boot\spring-boot-starter-tomcat\2.6.7\spring-boot-starter-tomcat-2.6.7.jar;D:\dev\apache-maven-3.8.5\repository\org\apache\tomcat\embed\tomcat-embed-core\9.0.62\tomcat-embed-core-9.0.62.jar;D:\dev\apache-maven-3.8.5\repository\org\apache\tomcat\embed\tomcat-embed-el\9.0.62\tomcat-embed-el-9.0.62.jar;D:\dev\apache-maven-3.8.5\repository\org\apache\tomcat\embed\tomcat-embed-websocket\9.0.62\tomcat-embed-websocket-9.0.62.jar;D:\dev\apache-maven-3.8.5\repository\org\springframework\spring-web\5.3.19\spring-web-5.3.19.jar;D:\dev\apache-maven-3.8.5\repository\org\springframework\spring-beans\5.3.19\spring-beans-5.3.19.jar;D:\dev\apache-maven-3.8.5\repository\org\springframework\spring-webmvc\5.3.19\spring-webmvc-5.3.19.jar;D:\dev\apache-maven-3.8.5\repository\org\springframework\spring-aop\5.3.19\spring-aop-5.3.19.jar;D:\dev\apache-maven-3.8.5\repository\org\springframework\spring-context\5.3.19\spring-context-5.3.19.jar;D:\dev\apache-maven-3.8.5\repository\org\springframework\spring-expression\5.3.19\spring-expression-5.3.19.jar;D:\dev\apache-maven-3.8.5\repository\org\mybatis\spring\boot\mybatis-spring-boot-starter\2.2.2\mybatis-spring-boot-starter-2.2.2.jar;D:\dev\apache-maven-3.8.5\repository\org\springframework\boot\spring-boot-starter-jdbc\2.6.7\spring-boot-starter-jdbc-2.6.7.jar;D:\dev\apache-maven-3.8.5\repository\com\zaxxer\HikariCP\4.0.3\HikariCP-4.0.3.jar;D:\dev\apache-maven-3.8.5\repository\org\springframework\spring-jdbc\5.3.19\spring-jdbc-5.3.19.jar;D:\dev\apache-maven-3.8.5\repository\org\springframework\spring-tx\5.3.19\spring-tx-5.3.19.jar;D:\dev\apache-maven-3.8.5\repository\org\mybatis\spring\boot\mybatis-spring-boot-autoconfigure\2.2.2\mybatis-spring-boot-autoconfigure-2.2.2.jar;D:\dev\apache-maven-3.8.5\repository\org\mybatis\mybatis\3.5.9\mybatis-3.5.9.jar;D:\dev\apache-maven-3.8.5\repository\org\mybatis\mybatis-spring\2.0.7\mybatis-spring-2.0.7.jar;D:\dev\apache-maven-3.8.5\repository\org\springframework\boot\spring-boot-devtools\2.6.7\spring-boot-devtools-2.6.7.jar;D:\dev\apache-maven-3.8.5\repository\org\springframework\boot\spring-boot\2.6.7\spring-boot-2.6.7.jar;D:\dev\apache-maven-3.8.5\repository\org\springframework\boot\spring-boot-autoconfigure\2.6.7\spring-boot-autoconfigure-2.6.7.jar;D:\dev\apache-maven-3.8.5\repository\mysql\mysql-connector-java\8.0.28\mysql-connector-java-8.0.28.jar;D:\dev\apache-maven-3.8.5\repository\org\springframework\boot\spring-boot-configuration-processor\2.6.7\spring-boot-configuration-processor-2.6.7.jar;D:\dev\apache-maven-3.8.5\repository\org\projectlombok\lombok\1.18.24\lombok-1.18.24.jar;D:\dev\apache-maven-3.8.5\repository\org\springframework\boot\spring-boot-starter-test\2.6.7\spring-boot-starter-test-2.6.7.jar;D:\dev\apache-maven-3.8.5\repository\org\springframework\boot\spring-boot-test\2.6.7\spring-boot-test-2.6.7.jar;D:\dev\apache-maven-3.8.5\repository\org\springframework\boot\spring-boot-test-autoconfigure\2.6.7\spring-boot-test-autoconfigure-2.6.7.jar;D:\dev\apache-maven-3.8.5\repository\com\jayway\jsonpath\json-path\2.6.0\json-path-2.6.0.jar;D:\dev\apache-maven-3.8.5\repository\net\minidev\json-smart\2.4.8\json-smart-2.4.8.jar;D:\dev\apache-maven-3.8.5\repository\net\minidev\accessors-smart\2.4.8\accessors-smart-2.4.8.jar;D:\dev\apache-maven-3.8.5\repository\org\ow2\asm\asm\9.1\asm-9.1.jar;D:\dev\apache-maven-3.8.5\repository\org\slf4j\slf4j-api\1.7.36\slf4j-api-1.7.36.jar;D:\dev\apache-maven-3.8.5\repository\jakarta\xml\bind\jakarta.xml.bind-api\2.3.3\jakarta.xml.bind-api-2.3.3.jar;D:\dev\apache-maven-3.8.5\repository\jakarta\activation\jakarta.activation-api\1.2.2\jakarta.activation-api-1.2.2.jar;D:\dev\apache-maven-3.8.5\repository\org\assertj\assertj-core\3.21.0\assertj-core-3.21.0.jar;D:\dev\apache-maven-3.8.5\repository\org\hamcrest\hamcrest\2.2\hamcrest-2.2.jar;D:\dev\apache-maven-3.8.5\repository\org\junit\jupiter\junit-jupiter\5.8.2\junit-jupiter-5.8.2.jar;D:\dev\apache-maven-3.8.5\repository\org\junit\jupiter\junit-jupiter-api\5.8.2\junit-jupiter-api-5.8.2.jar;D:\dev\apache-maven-3.8.5\repository\org\opentest4j\opentest4j\1.2.0\opentest4j-1.2.0.jar;D:\dev\apache-maven-3.8.5\repository\org\junit\platform\junit-platform-commons\1.8.2\junit-platform-commons-1.8.2.jar;D:\dev\apache-maven-3.8.5\repository\org\apiguardian\apiguardian-api\1.1.2\apiguardian-api-1.1.2.jar;D:\dev\apache-maven-3.8.5\repository\org\junit\jupiter\junit-jupiter-params\5.8.2\junit-jupiter-params-5.8.2.jar;D:\dev\apache-maven-3.8.5\repository\org\junit\jupiter\junit-jupiter-engine\5.8.2\junit-jupiter-engine-5.8.2.jar;D:\dev\apache-maven-3.8.5\repository\org\junit\platform\junit-platform-engine\1.8.2\junit-platform-engine-1.8.2.jar;D:\dev\apache-maven-3.8.5\repository\org\mockito\mockito-core\4.0.0\mockito-core-4.0.0.jar;D:\dev\apache-maven-3.8.5\repository\net\bytebuddy\byte-buddy\1.11.22\byte-buddy-1.11.22.jar;D:\dev\apache-maven-3.8.5\repository\net\bytebuddy\byte-buddy-agent\1.11.22\byte-buddy-agent-1.11.22.jar;D:\dev\apache-maven-3.8.5\repository\org\objenesis\objenesis\3.2\objenesis-3.2.jar;D:\dev\apache-maven-3.8.5\repository\org\mockito\mockito-junit-jupiter\4.0.0\mockito-junit-jupiter-4.0.0.jar;D:\dev\apache-maven-3.8.5\repository\org\skyscreamer\jsonassert\1.5.0\jsonassert-1.5.0.jar;D:\dev\apache-maven-3.8.5\repository\com\vaadin\external\google\android-json\0.0.20131108.vaadin1\android-json-0.0.20131108.vaadin1.jar;D:\dev\apache-maven-3.8.5\repository\org\springframework\spring-core\5.3.19\spring-core-5.3.19.jar;D:\dev\apache-maven-3.8.5\repository\org\springframework\spring-jcl\5.3.19\spring-jcl-5.3.19.jar;D:\dev\apache-maven-3.8.5\repository\org\springframework\spring-test\5.3.19\spring-test-5.3.19.jar;D:\dev\apache-maven-3.8.5\repository\org\xmlunit\xmlunit-core\2.8.4\xmlunit-core-2.8.4.jar;D:\dev\apache-maven-3.8.5\repository\com\baomidou\mybatis-plus-boot-starter\3.4.2\mybatis-plus-boot-starter-3.4.2.jar;D:\dev\apache-maven-3.8.5\repository\com\baomidou\mybatis-plus\3.4.2\mybatis-plus-3.4.2.jar;D:\dev\apache-maven-3.8.5\repository\com\baomidou\mybatis-plus-extension\3.4.2\mybatis-plus-extension-3.4.2.jar;D:\dev\apache-maven-3.8.5\repository\com\baomidou\mybatis-plus-core\3.4.2\mybatis-plus-core-3.4.2.jar;D:\dev\apache-maven-3.8.5\repository\com\baomidou\mybatis-plus-annotation\3.4.2\mybatis-plus-annotation-3.4.2.jar;D:\dev\apache-maven-3.8.5\repository\com\github\jsqlparser\jsqlparser\4.0\jsqlparser-4.0.jar;D:\dev\apache-maven-3.8.5\repository\junit\junit\4.13.2\junit-4.13.2.jar;D:\dev\apache-maven-3.8.5\repository\org\hamcrest\hamcrest-core\2.2\hamcrest-core-2.2.jar;D:\dev\apache-maven-3.8.5\repository\org\apache\commons\commons-lang3\3.12.0\commons-lang3-3.12.0.jar;"/>
    <property name="java.vm.vendor" value="Oracle Corporation"/>
    <property name="sun.arch.data.model" value="64"/>
    <property name="user.variant" value=""/>
    <property name="java.vendor.url" value="https://java.oracle.com/"/>
    <property name="user.timezone" value="Asia/Shanghai"/>
    <property name="os.name" value="Windows 10"/>
    <property name="java.vm.specification.version" value="17"/>
    <property name="sun.java.launcher" value="SUN_STANDARD"/>
    <property name="user.country" value="CN"/>
    <property name="sun.boot.library.path" value="D:\dev\Java\jdk-17.0.1\bin"/>
    <property name="sun.java.command" value="C:\Users\Cynthia\AppData\Local\Temp\surefire10757775638249503077\surefirebooter2111557920050325276.jar C:\Users\Cynthia\AppData\Local\Temp\surefire10757775638249503077 2022-05-19T00-18-45_516-jvmRun1 surefire739286025428001216tmp surefire_017595674142334693266tmp"/>
    <property name="jdk.debug" value="release"/>
    <property name="surefire.test.class.path" value="D:\code\register\target\test-classes;D:\code\register\target\classes;D:\dev\apache-maven-3.8.5\repository\org\springframework\boot\spring-boot-starter-web\2.6.7\spring-boot-starter-web-2.6.7.jar;D:\dev\apache-maven-3.8.5\repository\org\springframework\boot\spring-boot-starter\2.6.7\spring-boot-starter-2.6.7.jar;D:\dev\apache-maven-3.8.5\repository\org\springframework\boot\spring-boot-starter-logging\2.6.7\spring-boot-starter-logging-2.6.7.jar;D:\dev\apache-maven-3.8.5\repository\ch\qos\logback\logback-classic\1.2.11\logback-classic-1.2.11.jar;D:\dev\apache-maven-3.8.5\repository\ch\qos\logback\logback-core\1.2.11\logback-core-1.2.11.jar;D:\dev\apache-maven-3.8.5\repository\org\apache\logging\log4j\log4j-to-slf4j\2.17.2\log4j-to-slf4j-2.17.2.jar;D:\dev\apache-maven-3.8.5\repository\org\apache\logging\log4j\log4j-api\2.17.2\log4j-api-2.17.2.jar;D:\dev\apache-maven-3.8.5\repository\org\slf4j\jul-to-slf4j\1.7.36\jul-to-slf4j-1.7.36.jar;D:\dev\apache-maven-3.8.5\repository\jakarta\annotation\jakarta.annotation-api\1.3.5\jakarta.annotation-api-1.3.5.jar;D:\dev\apache-maven-3.8.5\repository\org\yaml\snakeyaml\1.29\snakeyaml-1.29.jar;D:\dev\apache-maven-3.8.5\repository\org\springframework\boot\spring-boot-starter-json\2.6.7\spring-boot-starter-json-2.6.7.jar;D:\dev\apache-maven-3.8.5\repository\com\fasterxml\jackson\core\jackson-databind\2.13.2.1\jackson-databind-2.13.2.1.jar;D:\dev\apache-maven-3.8.5\repository\com\fasterxml\jackson\core\jackson-annotations\2.13.2\jackson-annotations-2.13.2.jar;D:\dev\apache-maven-3.8.5\repository\com\fasterxml\jackson\core\jackson-core\2.13.2\jackson-core-2.13.2.jar;D:\dev\apache-maven-3.8.5\repository\com\fasterxml\jackson\datatype\jackson-datatype-jdk8\2.13.2\jackson-datatype-jdk8-2.13.2.jar;D:\dev\apache-maven-3.8.5\repository\com\fasterxml\jackson\datatype\jackson-datatype-jsr310\2.13.2\jackson-datatype-jsr310-2.13.2.jar;D:\dev\apache-maven-3.8.5\repository\com\fasterxml\jackson\module\jackson-module-parameter-names\2.13.2\jackson-module-parameter-names-2.13.2.jar;D:\dev\apache-maven-3.8.5\repository\org\springframework\boot\spring-boot-starter-tomcat\2.6.7\spring-boot-starter-tomcat-2.6.7.jar;D:\dev\apache-maven-3.8.5\repository\org\apache\tomcat\embed\tomcat-embed-core\9.0.62\tomcat-embed-core-9.0.62.jar;D:\dev\apache-maven-3.8.5\repository\org\apache\tomcat\embed\tomcat-embed-el\9.0.62\tomcat-embed-el-9.0.62.jar;D:\dev\apache-maven-3.8.5\repository\org\apache\tomcat\embed\tomcat-embed-websocket\9.0.62\tomcat-embed-websocket-9.0.62.jar;D:\dev\apache-maven-3.8.5\repository\org\springframework\spring-web\5.3.19\spring-web-5.3.19.jar;D:\dev\apache-maven-3.8.5\repository\org\springframework\spring-beans\5.3.19\spring-beans-5.3.19.jar;D:\dev\apache-maven-3.8.5\repository\org\springframework\spring-webmvc\5.3.19\spring-webmvc-5.3.19.jar;D:\dev\apache-maven-3.8.5\repository\org\springframework\spring-aop\5.3.19\spring-aop-5.3.19.jar;D:\dev\apache-maven-3.8.5\repository\org\springframework\spring-context\5.3.19\spring-context-5.3.19.jar;D:\dev\apache-maven-3.8.5\repository\org\springframework\spring-expression\5.3.19\spring-expression-5.3.19.jar;D:\dev\apache-maven-3.8.5\repository\org\mybatis\spring\boot\mybatis-spring-boot-starter\2.2.2\mybatis-spring-boot-starter-2.2.2.jar;D:\dev\apache-maven-3.8.5\repository\org\springframework\boot\spring-boot-starter-jdbc\2.6.7\spring-boot-starter-jdbc-2.6.7.jar;D:\dev\apache-maven-3.8.5\repository\com\zaxxer\HikariCP\4.0.3\HikariCP-4.0.3.jar;D:\dev\apache-maven-3.8.5\repository\org\springframework\spring-jdbc\5.3.19\spring-jdbc-5.3.19.jar;D:\dev\apache-maven-3.8.5\repository\org\springframework\spring-tx\5.3.19\spring-tx-5.3.19.jar;D:\dev\apache-maven-3.8.5\repository\org\mybatis\spring\boot\mybatis-spring-boot-autoconfigure\2.2.2\mybatis-spring-boot-autoconfigure-2.2.2.jar;D:\dev\apache-maven-3.8.5\repository\org\mybatis\mybatis\3.5.9\mybatis-3.5.9.jar;D:\dev\apache-maven-3.8.5\repository\org\mybatis\mybatis-spring\2.0.7\mybatis-spring-2.0.7.jar;D:\dev\apache-maven-3.8.5\repository\org\springframework\boot\spring-boot-devtools\2.6.7\spring-boot-devtools-2.6.7.jar;D:\dev\apache-maven-3.8.5\repository\org\springframework\boot\spring-boot\2.6.7\spring-boot-2.6.7.jar;D:\dev\apache-maven-3.8.5\repository\org\springframework\boot\spring-boot-autoconfigure\2.6.7\spring-boot-autoconfigure-2.6.7.jar;D:\dev\apache-maven-3.8.5\repository\mysql\mysql-connector-java\8.0.28\mysql-connector-java-8.0.28.jar;D:\dev\apache-maven-3.8.5\repository\org\springframework\boot\spring-boot-configuration-processor\2.6.7\spring-boot-configuration-processor-2.6.7.jar;D:\dev\apache-maven-3.8.5\repository\org\projectlombok\lombok\1.18.24\lombok-1.18.24.jar;D:\dev\apache-maven-3.8.5\repository\org\springframework\boot\spring-boot-starter-test\2.6.7\spring-boot-starter-test-2.6.7.jar;D:\dev\apache-maven-3.8.5\repository\org\springframework\boot\spring-boot-test\2.6.7\spring-boot-test-2.6.7.jar;D:\dev\apache-maven-3.8.5\repository\org\springframework\boot\spring-boot-test-autoconfigure\2.6.7\spring-boot-test-autoconfigure-2.6.7.jar;D:\dev\apache-maven-3.8.5\repository\com\jayway\jsonpath\json-path\2.6.0\json-path-2.6.0.jar;D:\dev\apache-maven-3.8.5\repository\net\minidev\json-smart\2.4.8\json-smart-2.4.8.jar;D:\dev\apache-maven-3.8.5\repository\net\minidev\accessors-smart\2.4.8\accessors-smart-2.4.8.jar;D:\dev\apache-maven-3.8.5\repository\org\ow2\asm\asm\9.1\asm-9.1.jar;D:\dev\apache-maven-3.8.5\repository\org\slf4j\slf4j-api\1.7.36\slf4j-api-1.7.36.jar;D:\dev\apache-maven-3.8.5\repository\jakarta\xml\bind\jakarta.xml.bind-api\2.3.3\jakarta.xml.bind-api-2.3.3.jar;D:\dev\apache-maven-3.8.5\repository\jakarta\activation\jakarta.activation-api\1.2.2\jakarta.activation-api-1.2.2.jar;D:\dev\apache-maven-3.8.5\repository\org\assertj\assertj-core\3.21.0\assertj-core-3.21.0.jar;D:\dev\apache-maven-3.8.5\repository\org\hamcrest\hamcrest\2.2\hamcrest-2.2.jar;D:\dev\apache-maven-3.8.5\repository\org\junit\jupiter\junit-jupiter\5.8.2\junit-jupiter-5.8.2.jar;D:\dev\apache-maven-3.8.5\repository\org\junit\jupiter\junit-jupiter-api\5.8.2\junit-jupiter-api-5.8.2.jar;D:\dev\apache-maven-3.8.5\repository\org\opentest4j\opentest4j\1.2.0\opentest4j-1.2.0.jar;D:\dev\apache-maven-3.8.5\repository\org\junit\platform\junit-platform-commons\1.8.2\junit-platform-commons-1.8.2.jar;D:\dev\apache-maven-3.8.5\repository\org\apiguardian\apiguardian-api\1.1.2\apiguardian-api-1.1.2.jar;D:\dev\apache-maven-3.8.5\repository\org\junit\jupiter\junit-jupiter-params\5.8.2\junit-jupiter-params-5.8.2.jar;D:\dev\apache-maven-3.8.5\repository\org\junit\jupiter\junit-jupiter-engine\5.8.2\junit-jupiter-engine-5.8.2.jar;D:\dev\apache-maven-3.8.5\repository\org\junit\platform\junit-platform-engine\1.8.2\junit-platform-engine-1.8.2.jar;D:\dev\apache-maven-3.8.5\repository\org\mockito\mockito-core\4.0.0\mockito-core-4.0.0.jar;D:\dev\apache-maven-3.8.5\repository\net\bytebuddy\byte-buddy\1.11.22\byte-buddy-1.11.22.jar;D:\dev\apache-maven-3.8.5\repository\net\bytebuddy\byte-buddy-agent\1.11.22\byte-buddy-agent-1.11.22.jar;D:\dev\apache-maven-3.8.5\repository\org\objenesis\objenesis\3.2\objenesis-3.2.jar;D:\dev\apache-maven-3.8.5\repository\org\mockito\mockito-junit-jupiter\4.0.0\mockito-junit-jupiter-4.0.0.jar;D:\dev\apache-maven-3.8.5\repository\org\skyscreamer\jsonassert\1.5.0\jsonassert-1.5.0.jar;D:\dev\apache-maven-3.8.5\repository\com\vaadin\external\google\android-json\0.0.20131108.vaadin1\android-json-0.0.20131108.vaadin1.jar;D:\dev\apache-maven-3.8.5\repository\org\springframework\spring-core\5.3.19\spring-core-5.3.19.jar;D:\dev\apache-maven-3.8.5\repository\org\springframework\spring-jcl\5.3.19\spring-jcl-5.3.19.jar;D:\dev\apache-maven-3.8.5\repository\org\springframework\spring-test\5.3.19\spring-test-5.3.19.jar;D:\dev\apache-maven-3.8.5\repository\org\xmlunit\xmlunit-core\2.8.4\xmlunit-core-2.8.4.jar;D:\dev\apache-maven-3.8.5\repository\com\baomidou\mybatis-plus-boot-starter\3.4.2\mybatis-plus-boot-starter-3.4.2.jar;D:\dev\apache-maven-3.8.5\repository\com\baomidou\mybatis-plus\3.4.2\mybatis-plus-3.4.2.jar;D:\dev\apache-maven-3.8.5\repository\com\baomidou\mybatis-plus-extension\3.4.2\mybatis-plus-extension-3.4.2.jar;D:\dev\apache-maven-3.8.5\repository\com\baomidou\mybatis-plus-core\3.4.2\mybatis-plus-core-3.4.2.jar;D:\dev\apache-maven-3.8.5\repository\com\baomidou\mybatis-plus-annotation\3.4.2\mybatis-plus-annotation-3.4.2.jar;D:\dev\apache-maven-3.8.5\repository\com\github\jsqlparser\jsqlparser\4.0\jsqlparser-4.0.jar;D:\dev\apache-maven-3.8.5\repository\junit\junit\4.13.2\junit-4.13.2.jar;D:\dev\apache-maven-3.8.5\repository\org\hamcrest\hamcrest-core\2.2\hamcrest-core-2.2.jar;D:\dev\apache-maven-3.8.5\repository\org\apache\commons\commons-lang3\3.12.0\commons-lang3-3.12.0.jar;"/>
    <property name="sun.cpu.endian" value="little"/>
    <property name="user.home" value="C:\Users\Cynthia"/>
    <property name="user.language" value="zh"/>
    <property name="java.specification.vendor" value="Oracle Corporation"/>
    <property name="java.version.date" value="2021-10-19"/>
    <property name="java.home" value="D:\dev\Java\jdk-17.0.1"/>
    <property name="file.separator" value="\"/>
    <property name="basedir" value="D:\code\register"/>
    <property name="java.vm.compressedOopsMode" value="Zero based"/>
    <property name="line.separator" value="&#10;"/>
    <property name="java.vm.specification.vendor" value="Oracle Corporation"/>
    <property name="java.specification.name" value="Java Platform API Specification"/>
    <property name="surefire.real.class.path" value="C:\Users\Cynthia\AppData\Local\Temp\surefire10757775638249503077\surefirebooter2111557920050325276.jar"/>
    <property name="user.script" value=""/>
    <property name="sun.management.compiler" value="HotSpot 64-Bit Tiered Compilers"/>
    <property name="java.runtime.version" value="17.0.1+12-LTS-39"/>
    <property name="user.name" value="Cynthia"/>
    <property name="path.separator" value=";"/>
    <property name="os.version" value="10.0"/>
    <property name="java.runtime.name" value="Java(TM) SE Runtime Environment"/>
    <property name="file.encoding" value="GBK"/>
    <property name="java.vm.name" value="Java HotSpot(TM) 64-Bit Server VM"/>
    <property name="localRepository" value="D:\dev\apache-maven-3.8.5\repository"/>
    <property name="java.vendor.url.bug" value="https://bugreport.java.com/bugreport/"/>
    <property name="java.io.tmpdir" value="C:\Users\Cynthia\AppData\Local\Temp\"/>
    <property name="idea.version" value="2021.3.3"/>
    <property name="java.version" value="17.0.1"/>
    <property name="user.dir" value="D:\code\register"/>
    <property name="os.arch" value="amd64"/>
    <property name="java.vm.specification.name" value="Java Virtual Machine Specification"/>
    <property name="sun.os.patch.level" value=""/>
    <property name="native.encoding" value="GBK"/>
    <property name="java.library.path" value="D:\dev\Java\jdk-17.0.1\bin;C:\Windows\Sun\Java\bin;C:\Windows\system32;C:\Windows;C:\Program Files\Rockwell Software\RSCommon;C:\Program Files\Common Files\Oracle\Java\javapath;C:\Windows\system32;C:\Windows;C:\Windows\System32\Wbem;C:\Windows\System32\WindowsPowerShell\v1.0\;C:\Windows\System32\OpenSSH\;D:\Applications\Git\cmd;C:\Program Files (x86)\dotnet\;D:\dev\Java\jdk-17.0.1\bin;D:\dev\apache-tomcat-9.0.59\bin;D:\dev\apache-maven-3.8.5\bin;D:\Applications\nvm;C:\Program Files\nodejs;D:\Applications\nvm;C:\Program Files\Docker\Docker\resources\bin;C:\ProgramData\DockerDesktop\version-bin;D:\Applications\nvm\v13.0.0;D:\dev\yarn\bin\;C:\Program Files\MySQL\MySQL Shell 8.0\bin\;C:\Users\Cynthia\AppData\Local\Microsoft\WindowsApps;C:\Users\Cynthia\AppData\Roaming\TinyTeX\bin\win32;D:\Applications\JetBrains\IntelliJ IDEA 2021.3.2\bin;;D:\dev\Microsoft VS Code\bin;D:\Applications\nvm;D:\dev\nodejs;C:\Users\Cynthia\AppData\Local\Yarn\bin;D:\Applications\WebStorm 2022.1\bin;;."/>
    <property name="java.vm.info" value="mixed mode, sharing"/>
    <property name="java.vendor" value="Oracle Corporation"/>
    <property name="java.vm.version" value="17.0.1+12-LTS-39"/>
    <property name="sun.io.unicode.encoding" value="UnicodeLittle"/>
    <property name="java.class.version" value="61.0"/>
  </properties>
  <testcase name="testAddUser" classname="com.xinjie.usercenter.service.UserServiceTest" time="1.619"/>
  <testcase name="userRegister" classname="com.xinjie.usercenter.service.UserServiceTest" time="0.147">
    <error message="请求参数错误" type="com.xinjie.usercenter.exception.BusinessException">com.xinjie.usercenter.exception.BusinessException: 请求参数错误
	at com.xinjie.usercenter.service.UserServiceTest.userRegister(UserServiceTest.java:49)
</error>
  </testcase>
</testsuite>